[2023-11-08T16:21:37.360286+00:00] paymentAPI.CRITICAL: Not found. [] []
[2023-11-08T16:21:39.624829+00:00] paymentAPI.CRITICAL: Not found. [] []
[2023-11-08T16:21:45.973716+00:00] paymentAPI.CRITICAL: Not found. [] []
[2023-11-08T16:21:57.997296+00:00] paymentAPI.INFO: No methods found {"type":"/errors/no_methods_found","title":"List of methods","status":404,"detail":0,"instance":"/v1/methods"} []
[2023-11-08T16:22:00.450201+00:00] paymentAPI.CRITICAL: Not found. [] []
[2023-11-08T16:23:07.191844+00:00] paymentAPI.CRITICAL: Not found. [] []
[2023-11-08T16:30:45.509026+00:00] paymentAPI.CRITICAL: Not found. [] []
[2023-11-08T16:30:59.072890+00:00] paymentAPI.CRITICAL: Not found. [] []
[2023-11-08T16:32:02.618346+00:00] paymentAPI.CRITICAL: Not found. [] []
[2023-11-08T16:32:32.656886+00:00] paymentAPI.INFO: No methods found {"type":"/errors/no_methods_found","title":"List of methods","status":404,"detail":0,"instance":"/v1/methods"} []
[2023-11-08T16:32:35.126837+00:00] paymentAPI.CRITICAL: Not found. [] []
[2023-11-08T16:33:19.297438+00:00] paymentAPI.INFO: No methods found {"type":"/errors/no_methods_found","title":"List of methods","status":404,"detail":0,"instance":"/v1/methods"} []
[2023-11-08T16:33:32.337384+00:00] paymentAPI.CRITICAL: Not found. [] []
[2023-11-08T16:34:11.810054+00:00] paymentAPI.CRITICAL: Not found. [] []
[2023-11-08T16:40:10.445678+00:00] paymentAPI.CRITICAL: Not found. [] []
[2023-11-16T13:46:11.040102+00:00] paymentAPI.CRITICAL: Not found. [] []
[2023-11-16T13:46:12.804683+00:00] paymentAPI.CRITICAL: Not found. [] []
[2023-11-16T13:46:43.516694+00:00] paymentAPI.CRITICAL: Not found. [] []
[2023-11-16T13:53:00.359780+00:00] paymentAPI.CRITICAL: Not found. [] []
[2023-11-16T14:55:51.197358+00:00] paymentAPI.CRITICAL: Not found. [] []
[2023-11-16T15:08:05.991581+00:00] paymentAPI.CRITICAL: Not found. [] []
[2023-11-16T15:23:35.000181+00:00] paymentAPI.CRITICAL: Not found. [] []
[2023-11-18T20:32:11.288588+00:00] paymentAPI.INFO: No payments found {"type":"/errors/no_payments_found","title":"List of payments","status":404,"detail":0,"instance":"/v1/payments"} []
[2023-11-18T20:32:59.956813+00:00] paymentAPI.INFO: No payments found {"type":"/errors/no_payments_found","title":"List of payments","status":404,"detail":0,"instance":"/v1/payments"} []
[2023-11-20T13:20:29.538411+00:00] paymentAPI.CRITICAL: Not found. [] []
[2023-11-20T13:20:38.380265+00:00] paymentAPI.CRITICAL: Not found. [] []
[2023-11-20T13:23:41.127919+00:00] paymentAPI.CRITICAL: Not found. [] []
[2023-11-20T13:23:53.747179+00:00] paymentAPI.CRITICAL: Not found. [] []
[2023-11-20T13:24:28.484054+00:00] paymentAPI.CRITICAL: Not found. [] []
[2023-11-20T13:41:42.984557+00:00] paymentAPI.CRITICAL: Not found. [] []
[2023-11-20T13:42:22.815111+00:00] paymentAPI.CRITICAL: Not found. [] []
[2023-11-20T13:42:32.963185+00:00] paymentAPI.CRITICAL: Not found. [] []
[2023-11-20T13:47:48.551768+00:00] paymentAPI.CRITICAL: Not found. [] []
{"message":"Not found.","context":{},"level":500,"level_name":"CRITICAL","channel":"paymentAPI","datetime":"2023-11-20T14:59:47.772162+00:00","extra":{}}
[2023-11-20T15:06:31.637507+00:00] paymentAPI.CRITICAL: Not found. [] []
[2023-11-20T15:07:42.728901+00:00] paymentAPI.CRITICAL: Not found. [] []
[2023-11-20T15:29:20.062957+00:00] paymentAPI.INFO: No customers found {"type":"/errors/no_customers_found","title":"List of customers","status":404,"detail":0,"instance":"/v1/customers"} []
[2023-11-20T15:38:45.297521+00:00] paymentAPI.INFO: No payments found {"type":"/errors/no_payments_found","title":"List of payments","status":404,"detail":0,"instance":"/v1/payments"} []
[2023-11-20T15:41:59.762239+00:00] paymentAPI.CRITICAL: An exception occurred while executing a query: SQLSTATE[23000]: Integrity constraint violation: 1048 Column 'method_id' cannot be null [] []
[2023-11-20T15:47:04.045654+00:00] paymentAPI.CRITICAL: An exception occurred while executing a query: SQLSTATE[23000]: Integrity constraint violation: 1048 Column 'method_id' cannot be null [] []
[2023-11-20T15:47:48.673749+00:00] paymentAPI.CRITICAL: An exception occurred while executing a query: SQLSTATE[23000]: Integrity constraint violation: 1048 Column 'method_id' cannot be null [] []
[2023-11-20T15:59:49.684836+00:00] paymentAPI.CRITICAL: An exception occurred while executing a query: SQLSTATE[23000]: Integrity constraint violation: 1048 Column 'method_id' cannot be null [] []
[2023-11-20T16:33:58.732166+00:00] paymentAPI.INFO: Customer list retrieved. {"status_code":200} []
[2023-11-20T16:39:50.690216+00:00] paymentAPI.INFO: Invalid Data. {"statusCode":400} []
[2023-11-20T16:41:29.772061+00:00] paymentAPI.INFO: Invalid Data. {"statusCode":400} []
[2023-11-20T16:41:55.011048+00:00] paymentAPI.INFO: Invalid Data. {"statusCode":400} []
[2023-11-20T16:56:51.710665+00:00] paymentAPI.INFO: Customer created. {"customer_id":2} []
[2023-12-08T20:00:40.785300+00:00] paymentAPI.CRITICAL: Not found. [] []
[2023-12-08T20:01:00.137672+00:00] paymentAPI.INFO: Customer list retrieved. {"status_code":200} []
[2023-12-08T20:12:08.226896+00:00] paymentAPI.CRITICAL: The target-entity PaymentApi\Model\Basket cannot be found in 'PaymentApi\Model\Customers#basket'. [] []
[2023-12-08T20:23:25.099710+00:00] paymentAPI.INFO: No customers found {"type":"/errors/no_customers_found_upon_update","title":"List of customers","status":404,"detail":"2","instance":"/v1/customers/{id}"} []
[2023-12-08T20:23:54.160187+00:00] paymentAPI.INFO: No customers found {"type":"/errors/no_customers_found_upon_update","title":"List of customers","status":404,"detail":"35","instance":"/v1/customers/{id}"} []
[2023-12-08T20:42:34.172754+00:00] paymentAPI.CRITICAL: Not found. [] []
[2023-12-08T20:43:39.626314+00:00] paymentAPI.CRITICAL: An exception occurred in the driver: SQLSTATE[HY000] [2002] php_network_getaddresses: getaddrinfo for paymentapi_mariadb failed: Name or service not known [] []
[2023-12-08T21:02:06.430365+00:00] paymentAPI.CRITICAL: An exception occurred while executing a query: SQLSTATE[23000]: Integrity constraint violation: 1048 Column 'method_id' cannot be null [] []
[2023-12-08T21:02:54.816780+00:00] paymentAPI.CRITICAL: Not found. [] []
[2023-12-08T21:04:29.304620+00:00] paymentAPI.CRITICAL: An exception occurred while executing a query: SQLSTATE[23000]: Integrity constraint violation: 1048 Column 'method_id' cannot be null [] []
[2023-12-08T21:06:56.178196+00:00] paymentAPI.CRITICAL: An exception occurred while executing a query: SQLSTATE[23000]: Integrity constraint violation: 1048 Column 'method_id' cannot be null [] []
[2023-12-08T21:11:05.230538+00:00] paymentAPI.CRITICAL: An exception occurred while executing a query: SQLSTATE[23000]: Integrity constraint violation: 1048 Column 'method_id' cannot be null [] []
[2023-12-08T21:13:07.726231+00:00] paymentAPI.CRITICAL: An exception occurred while executing a query: SQLSTATE[23000]: Integrity constraint violation: 1048 Column 'method_id' cannot be null [] []
[2023-12-08T21:14:48.131547+00:00] paymentAPI.CRITICAL: An exception occurred while executing a query: SQLSTATE[23000]: Integrity constraint violation: 1048 Column 'method_id' cannot be null [] []
[2023-12-08T21:36:15.205951+00:00] paymentAPI.CRITICAL: An exception occurred while executing a query: SQLSTATE[23000]: Integrity constraint violation: 1048 Column 'method_id' cannot be null [] []
[2023-12-08T21:36:51.515540+00:00] paymentAPI.CRITICAL: An exception occurred while executing a query: SQLSTATE[23000]: Integrity constraint violation: 1048 Column 'method_id' cannot be null [] []
[2023-12-08T21:37:28.105241+00:00] paymentAPI.CRITICAL: An exception occurred while executing a query: SQLSTATE[23000]: Integrity constraint violation: 1048 Column 'method_id' cannot be null [] []
[2023-12-08T21:39:15.423354+00:00] paymentAPI.CRITICAL: An exception occurred while executing a query: SQLSTATE[23000]: Integrity constraint violation: 1048 Column 'method_id' cannot be null [] []
[2023-12-08T21:49:20.573960+00:00] paymentAPI.CRITICAL: An exception occurred while executing a query: SQLSTATE[23000]: Integrity constraint violation: 1048 Column 'method_id' cannot be null [] []
[2023-12-08T21:49:51.292548+00:00] paymentAPI.CRITICAL: An exception occurred while executing a query: SQLSTATE[23000]: Integrity constraint violation: 1048 Column 'method_id' cannot be null [] []
[2023-12-08T21:56:08.857402+00:00] paymentAPI.CRITICAL: An exception occurred while executing a query: SQLSTATE[23000]: Integrity constraint violation: 1048 Column 'method_id' cannot be null [] []
[2023-12-08T21:58:06.379973+00:00] paymentAPI.CRITICAL: An exception occurred in the driver: SQLSTATE[HY000] [2002] php_network_getaddresses: getaddrinfo for paymentapi_mariadb failed: Name or service not known [] []
[2023-12-08T21:58:39.985137+00:00] paymentAPI.CRITICAL: An exception occurred in the driver: SQLSTATE[HY000] [2002] php_network_getaddresses: getaddrinfo for paymentapi_mariadb failed: Name or service not known [] []
[2023-12-08T22:04:03.008526+00:00] paymentAPI.CRITICAL: An exception occurred while executing a query: SQLSTATE[23000]: Integrity constraint violation: 1048 Column 'method_id' cannot be null [] []
[2023-12-08T22:05:15.709606+00:00] paymentAPI.CRITICAL: An exception occurred while executing a query: SQLSTATE[23000]: Integrity constraint violation: 1048 Column 'method_id' cannot be null [] []
[2023-12-08T22:15:54.371414+00:00] paymentAPI.CRITICAL: An exception occurred while executing a query: SQLSTATE[23000]: Integrity constraint violation: 1452 Cannot add or update a child row: a foreign key constraint fails (`paymentapi`.`payments`, CONSTRAINT `FK_65D29B3219883967` FOREIGN KEY (`method_id`) REFERENCES `methods` (`id`)) [] []
[2023-12-08T22:17:03.632842+00:00] paymentAPI.CRITICAL: An exception occurred while executing a query: SQLSTATE[23000]: Integrity constraint violation: 1048 Column 'method_id' cannot be null [] []
[2023-12-08T22:17:15.285681+00:00] paymentAPI.CRITICAL: An exception occurred while executing a query: SQLSTATE[23000]: Integrity constraint violation: 1452 Cannot add or update a child row: a foreign key constraint fails (`paymentapi`.`payments`, CONSTRAINT `FK_65D29B3219883967` FOREIGN KEY (`method_id`) REFERENCES `methods` (`id`)) [] []
[2023-12-08T22:17:53.251069+00:00] paymentAPI.CRITICAL: An exception occurred while executing a query: SQLSTATE[23000]: Integrity constraint violation: 1452 Cannot add or update a child row: a foreign key constraint fails (`paymentapi`.`payments`, CONSTRAINT `FK_65D29B3219883967` FOREIGN KEY (`method_id`) REFERENCES `methods` (`id`)) [] []
[2023-12-08T22:18:25.862885+00:00] paymentAPI.CRITICAL: An exception occurred while executing a query: SQLSTATE[23000]: Integrity constraint violation: 1048 Column 'method_id' cannot be null [] []
[2023-12-08T22:18:31.795807+00:00] paymentAPI.CRITICAL: An exception occurred while executing a query: SQLSTATE[23000]: Integrity constraint violation: 1048 Column 'method_id' cannot be null [] []
[2023-12-08T22:18:45.317452+00:00] paymentAPI.CRITICAL: An exception occurred while executing a query: SQLSTATE[23000]: Integrity constraint violation: 1048 Column 'method_id' cannot be null [] []
[2023-12-08T22:22:51.493748+00:00] paymentAPI.CRITICAL: An exception occurred while executing a query: SQLSTATE[23000]: Integrity constraint violation: 1048 Column 'method_id' cannot be null [] []
[2023-12-08T22:23:55.102211+00:00] paymentAPI.CRITICAL: An exception occurred while executing a query: SQLSTATE[23000]: Integrity constraint violation: 1048 Column 'customer_id' cannot be null [] []
[2023-12-08T22:50:20.083916+00:00] paymentAPI.INFO: Payment transaction created. {"payment_id":1} []
[2023-12-08T22:51:41.899059+00:00] paymentAPI.INFO: Payments transaction list retrieved. {"status_code":200} []
[2023-12-08T22:56:33.084578+00:00] paymentAPI.INFO: Payments transaction list retrieved. {"status_code":200} []
[2023-12-08T22:56:42.035091+00:00] paymentAPI.INFO: Invalid Data. {"statusCode":400} []
[2023-12-08T22:59:21.057753+00:00] paymentAPI.INFO: Invalid Data. {"statusCode":400} []
[2023-12-08T22:59:55.065194+00:00] paymentAPI.INFO: Invalid Data {"type":"/errors/invalid_data_upon_create","title":"Create Payment","status":400,"detail":"Invalid Credentials","instance":"/v1/payments"} []
[2023-12-09T13:26:46.096269+00:00] paymentAPI.CRITICAL: Not found. [] []
[2023-12-10T12:27:58.078539+00:00] paymentAPI.INFO: Missing required fields {"type":"/errors/missing_fields","title":"Missing required fields","status":400,"detail":"The \"name\" and \"address\" fields are required."} []
[2023-12-10T12:29:15.419928+00:00] paymentAPI.INFO: Missing required fields {"type":"/errors/missing_fields","title":"Missing required fields","status":400,"detail":"The \"name\" and \"address\" fields are required."} []
[2023-12-10T12:29:38.657089+00:00] paymentAPI.INFO: Missing required fields {"type":"/errors/missing_fields","title":"Missing required fields","status":400,"detail":"The \"name\" and \"address\" fields are required."} []
[2023-12-10T12:31:01.804331+00:00] paymentAPI.INFO: No customers found {"type":"/errors/no_customers_found_upon_removing","title":"Removing customer","status":404,"detail":"8","instance":"/v1/customers/{id}"} []
[2023-12-10T12:36:40.073545+00:00] paymentAPI.INFO: Missing required fields {"type":"/errors/missing_fields","title":"Missing required fields","status":400,"detail":"The \"name\" field is required."} []
[2023-12-10T12:36:49.683772+00:00] paymentAPI.CRITICAL: An exception occurred while executing a query: SQLSTATE[23000]: Integrity constraint violation: 1062 Duplicate entry 'Debit Card' for key 'UNIQ_56E2F7695E237E06' [] []
[2023-12-10T12:38:17.828009+00:00] paymentAPI.INFO: No methods found {"type":"/errors/no_methods_found_upon_update","title":"List of methods","status":404,"detail":"7","instance":"/v1/methods/{id}"} []
[2023-12-10T12:38:34.040481+00:00] paymentAPI.INFO: Missing required fields {"type":"/errors/missing_fields","title":"Missing required fields","status":400,"detail":"The \"name\" field is required."} []
[2023-12-10T12:57:25.663654+00:00] paymentAPI.INFO: Missing required fields {"type":"/errors/missing_fields","title":"Missing required fields","status":400,"detail":"The \"name\" and \"address\" fields are required."} []
[2023-12-10T13:03:12.319928+00:00] paymentAPI.INFO: Records found: {"type":"","title":"List of customers","instance":"/v1/customers","status":200,"detail":1,"data":[{"PaymentApi\\Model\\Customers":[]}]} []
[2023-12-10T13:03:43.653069+00:00] paymentAPI.INFO: Records found: {"type":"","title":"List of customers","instance":"/v1/customers","status":200,"detail":1,"data":[{"PaymentApi\\Model\\Customers":[]}]} []
[2023-12-10T13:05:02.835249+00:00] paymentAPI.INFO: Records found: {"type":"","title":"List of customers","instance":"/v1/customers","status":200,"detail":1,"data":[{"PaymentApi\\Model\\Customers":[]}]} []
[2023-12-10T13:07:47.247868+00:00] paymentAPI.INFO: Records found: {"type":"","title":"List of customers","instance":"/v1/customers","status":200,"detail":1,"data":[{"id":1,"name":"Demarillac","address":"Kigali","isActive":true}]} []
[2023-12-10T13:08:33.968963+00:00] paymentAPI.CRITICAL: Not found. [] []
[2023-12-10T13:10:43.375720+00:00] paymentAPI.INFO: Missing required fields {"type":"/errors/missing_fields","title":"Missing required fields","status":400,"detail":"The \"name\" and \"address\" fields are required."} []
[2023-12-10T13:11:08.141532+00:00] paymentAPI.INFO: Records found: {"type":"","title":"List of customers","instance":"/v1/customers","status":200,"detail":2,"data":[{"id":1,"name":"Demarillac","address":"Kigali","isActive":true},{"id":2,"name":"Mobile Money 1","address":"Kenya","isActive":true}]} []
[2023-12-10T13:11:53.228532+00:00] paymentAPI.INFO: Records found: {"type":"","title":"List of methods","instance":"/v1/methods","status":200,"detail":2,"data":[{"id":1,"name":"Debit Card","isActive":true},{"id":3,"name":"Mobile Money 1","isActive":true}]} []
[2023-12-10T13:44:08.392032+00:00] paymentAPI.CRITICAL: Not found. [] []
[2023-12-10T13:45:03.495696+00:00] paymentAPI.CRITICAL: Not found. [] []
[2023-12-10T13:45:05.774571+00:00] paymentAPI.CRITICAL: Not found. [] []
[2023-12-10T13:52:33.154618+00:00] paymentAPI.CRITICAL: Not found. [] []
[2023-12-10T13:52:41.791713+00:00] paymentAPI.CRITICAL: Not found. [] []
[2023-12-10T13:53:06.122386+00:00] paymentAPI.CRITICAL: Not found. [] []
[2023-12-10T14:31:15.724619+00:00] paymentAPI.INFO: Invalid Data {"type":"/errors/invalid_data_upon_create","title":"Create Payment","status":400,"detail":"Invalid Variables","instance":"/v1/payments"} []
[2023-12-10T14:31:50.419542+00:00] paymentAPI.INFO: No payments found {"type":"/errors/no_payments_found","status":404,"detail":"No records found"} []
[2023-12-10T14:36:42.461149+00:00] paymentAPI.INFO: Invalid Customer ID. {"statusCode":400} []
[2023-12-10T14:37:11.655260+00:00] paymentAPI.INFO: Invalid Customer ID. {"statusCode":400} []
[2023-12-10T14:38:44.454466+00:00] paymentAPI.INFO: No payments found {"type":"/errors/no_payments_found","status":404,"detail":"No records found"} []
[2023-12-10T14:38:51.770974+00:00] paymentAPI.INFO: Invalid Customer ID. {"statusCode":400} []
[2023-12-10T14:40:51.382877+00:00] paymentAPI.INFO: Invalid payment method ID. {"statusCode":400} []
[2023-12-10T14:41:20.930395+00:00] paymentAPI.INFO: New Payment Transaction created. {"payment_id":1} []
[2023-12-10T14:52:56.082136+00:00] paymentAPI.INFO: Invalid Data {"type":"/errors/invalid_data_upon_create","title":"Create Payment","status":400,"detail":"Invalid Data | customer_id, method_id, amount and payment_date are required","instance":"/v1/payments"} []
[2023-12-10T14:55:09.836336+00:00] paymentAPI.INFO: Invalid Data {"type":"/errors/invalid_data_upon_create","title":"Create Payment","status":404,"detail":"Invalid customer_id","instance":"/v1/payments"} []
[2023-12-10T14:56:47.223354+00:00] paymentAPI.INFO: Method ID not found {"type":"/errors/invalid_data_upon_create","title":"Create Payment","status":404,"detail":"Invalid method_id","instance":"/v1/payments"} []
[2023-12-10T14:57:03.914521+00:00] paymentAPI.INFO: Invalid Data {"type":"/errors/invalid_data_upon_create","title":"Create Payment","status":400,"detail":"Invalid Data | customer_id, method_id, amount and payment_date are required","instance":"/v1/payments"} []
[2023-12-10T15:01:47.986562+00:00] paymentAPI.INFO: Method ID not found {"type":"/errors/invalid_data_upon_create","title":"Create Payment","status":404,"detail":"Invalid method_id","instance":"/v1/payments"} []
[2023-12-10T15:02:22.065280+00:00] paymentAPI.INFO: Records found: {"type":"","title":"List of payments","instance":"/v1/payments","status":200,"detail":3,"data":[{"id":1,"customer":{"DoctrineProxies\\__CG__\\PaymentApi\\Model\\Customers":{"__initializer__":[],"__cloner__":[],"__isInitialized__":false}},"paymentMethod":{"DoctrineProxies\\__CG__\\PaymentApi\\Model\\Methods":{"__initializer__":[],"__cloner__":[],"__isInitialized__":false}},"amount":3444.0,"paymentDate":"2020-03-23T00:00:00+00:00"},{"id":2,"customer":{"DoctrineProxies\\__CG__\\PaymentApi\\Model\\Customers":{"__initializer__":[],"__cloner__":[],"__isInitialized__":false}},"paymentMethod":{"DoctrineProxies\\__CG__\\PaymentApi\\Model\\Methods":{"__initializer__":[],"__cloner__":[],"__isInitialized__":false}},"amount":3444.0,"paymentDate":"2020-03-23T00:00:00+00:00"},{"id":3,"customer":{"DoctrineProxies\\__CG__\\PaymentApi\\Model\\Customers":{"__initializer__":[],"__cloner__":[],"__isInitialized__":false}},"paymentMethod":{"DoctrineProxies\\__CG__\\PaymentApi\\Model\\Methods":{"__initializer__":[],"__cloner__":[],"__isInitialized__":false}},"amount":3444.0,"paymentDate":"2020-03-23T00:00:00+00:00"}]} []
[2023-12-10T15:04:28.681552+00:00] paymentAPI.INFO: Payments transaction list retrieved. {"status_code":200} []
[2023-12-10T15:09:24.017758+00:00] paymentAPI.INFO: Records found: {"type":"","title":"List of payments","instance":"/v1/payments","status":200,"detail":3,"data":[[{"id":1,"customer_id":1,"method_id":1,"amount":3444.0,"payment_date":"2020-03-23 00:00:00"}],[{"id":2,"customer_id":1,"method_id":1,"amount":3444.0,"payment_date":"2020-03-23 00:00:00"}],[{"id":3,"customer_id":1,"method_id":1,"amount":3444.0,"payment_date":"2020-03-23 00:00:00"}]]} []
[2023-12-10T15:10:04.952402+00:00] paymentAPI.INFO: Records found: {"type":"","title":"List of payments","instance":"/v1/payments","status":200,"detail":"3 records","data":[[{"id":1,"customer_id":1,"method_id":1,"amount":3444.0,"payment_date":"2020-03-23 00:00:00"}],[{"id":2,"customer_id":1,"method_id":1,"amount":3444.0,"payment_date":"2020-03-23 00:00:00"}],[{"id":3,"customer_id":1,"method_id":1,"amount":3444.0,"payment_date":"2020-03-23 00:00:00"}]]} []
[2023-12-10T15:10:44.041168+00:00] paymentAPI.INFO: Records found: {"type":"","title":"List of payments","instance":"/v1/payments","status":200,"detail":3,"data":[[{"id":1,"customer_id":1,"method_id":1,"amount":3444.0,"payment_date":"2020-03-23 00:00:00"}],[{"id":2,"customer_id":1,"method_id":1,"amount":3444.0,"payment_date":"2020-03-23 00:00:00"}],[{"id":3,"customer_id":1,"method_id":1,"amount":3444.0,"payment_date":"2020-03-23 00:00:00"}]]} []
[2023-12-10T15:12:41.399077+00:00] paymentAPI.INFO: Records found: {"type":"","title":"List of payments","instance":"/v1/payments","status":200,"detail":2,"data":[[{"id":1,"customer_id":1,"method_id":1,"amount":3444.0,"payment_date":"2020-03-23 00:00:00"}],[{"id":2,"customer_id":1,"method_id":1,"amount":3444.0,"payment_date":"2020-03-23 00:00:00"}]]} []
