
[2023-11-08T16:21:37.360286+00:00] paymentAPI.CRITICAL: Not found. [] []
[2023-11-08T16:21:39.624829+00:00] paymentAPI.CRITICAL: Not found. [] []
[2023-11-08T16:21:45.973716+00:00] paymentAPI.CRITICAL: Not found. [] []
[2023-11-08T16:22:00.450201+00:00] paymentAPI.CRITICAL: Not found. [] []
[2023-11-08T16:23:07.191844+00:00] paymentAPI.CRITICAL: Not found. [] []
[2023-11-08T16:30:45.509026+00:00] paymentAPI.CRITICAL: Not found. [] []
[2023-11-08T16:30:59.072890+00:00] paymentAPI.CRITICAL: Not found. [] []
[2023-11-08T16:32:02.618346+00:00] paymentAPI.CRITICAL: Not found. [] []
[2023-11-08T16:32:35.126837+00:00] paymentAPI.CRITICAL: Not found. [] []
[2023-11-08T16:33:32.337384+00:00] paymentAPI.CRITICAL: Not found. [] []
[2023-11-08T16:34:11.810054+00:00] paymentAPI.CRITICAL: Not found. [] []
[2023-11-08T16:40:10.445678+00:00] paymentAPI.CRITICAL: Not found. [] []
[2023-11-16T13:46:11.040102+00:00] paymentAPI.CRITICAL: Not found. [] []
[2023-11-16T13:46:12.804683+00:00] paymentAPI.CRITICAL: Not found. [] []
[2023-11-16T13:46:43.516694+00:00] paymentAPI.CRITICAL: Not found. [] []
[2023-11-16T13:53:00.359780+00:00] paymentAPI.CRITICAL: Not found. [] []
[2023-11-16T14:55:51.197358+00:00] paymentAPI.CRITICAL: Not found. [] []
[2023-11-16T15:08:05.991581+00:00] paymentAPI.CRITICAL: Not found. [] []
[2023-11-16T15:23:35.000181+00:00] paymentAPI.CRITICAL: Not found. [] []
[2023-11-20T13:20:29.538411+00:00] paymentAPI.CRITICAL: Not found. [] []
[2023-11-20T13:20:38.380265+00:00] paymentAPI.CRITICAL: Not found. [] []
[2023-11-20T13:23:41.127919+00:00] paymentAPI.CRITICAL: Not found. [] []
[2023-11-20T13:23:53.747179+00:00] paymentAPI.CRITICAL: Not found. [] []
[2023-11-20T13:24:28.484054+00:00] paymentAPI.CRITICAL: Not found. [] []
[2023-11-20T13:41:42.984557+00:00] paymentAPI.CRITICAL: Not found. [] []
[2023-11-20T13:42:22.815111+00:00] paymentAPI.CRITICAL: Not found. [] []
[2023-11-20T13:42:32.963185+00:00] paymentAPI.CRITICAL: Not found. [] []
[2023-11-20T13:47:48.551768+00:00] paymentAPI.CRITICAL: Not found. [] []
{"message":"Not found.","context":{},"level":500,"level_name":"CRITICAL","channel":"paymentAPI","datetime":"2023-11-20T14:59:47.772162+00:00","extra":{}}
[2023-11-20T15:06:31.637507+00:00] paymentAPI.CRITICAL: Not found. [] []
[2023-11-20T15:07:42.728901+00:00] paymentAPI.CRITICAL: Not found. [] []
[2023-11-20T15:41:59.762239+00:00] paymentAPI.CRITICAL: An exception occurred while executing a query: SQLSTATE[23000]: Integrity constraint violation: 1048 Column 'method_id' cannot be null [] []
[2023-11-20T15:47:04.045654+00:00] paymentAPI.CRITICAL: An exception occurred while executing a query: SQLSTATE[23000]: Integrity constraint violation: 1048 Column 'method_id' cannot be null [] []
[2023-11-20T15:47:48.673749+00:00] paymentAPI.CRITICAL: An exception occurred while executing a query: SQLSTATE[23000]: Integrity constraint violation: 1048 Column 'method_id' cannot be null [] []
[2023-11-20T15:59:49.684836+00:00] paymentAPI.CRITICAL: An exception occurred while executing a query: SQLSTATE[23000]: Integrity constraint violation: 1048 Column 'method_id' cannot be null [] []
[2023-12-08T20:00:40.785300+00:00] paymentAPI.CRITICAL: Not found. [] []
[2023-12-08T20:12:08.226896+00:00] paymentAPI.CRITICAL: The target-entity PaymentApi\Model\Basket cannot be found in 'PaymentApi\Model\Customers#basket'. [] []
[2023-12-08T20:42:34.172754+00:00] paymentAPI.CRITICAL: Not found. [] []
[2023-12-08T20:43:39.626314+00:00] paymentAPI.CRITICAL: An exception occurred in the driver: SQLSTATE[HY000] [2002] php_network_getaddresses: getaddrinfo for paymentapi_mariadb failed: Name or service not known [] []
[2023-12-08T21:02:06.430365+00:00] paymentAPI.CRITICAL: An exception occurred while executing a query: SQLSTATE[23000]: Integrity constraint violation: 1048 Column 'method_id' cannot be null [] []
[2023-12-08T21:02:54.816780+00:00] paymentAPI.CRITICAL: Not found. [] []
[2023-12-08T21:04:29.304620+00:00] paymentAPI.CRITICAL: An exception occurred while executing a query: SQLSTATE[23000]: Integrity constraint violation: 1048 Column 'method_id' cannot be null [] []
[2023-12-08T21:06:56.178196+00:00] paymentAPI.CRITICAL: An exception occurred while executing a query: SQLSTATE[23000]: Integrity constraint violation: 1048 Column 'method_id' cannot be null [] []
[2023-12-08T21:11:05.230538+00:00] paymentAPI.CRITICAL: An exception occurred while executing a query: SQLSTATE[23000]: Integrity constraint violation: 1048 Column 'method_id' cannot be null [] []
[2023-12-08T21:13:07.726231+00:00] paymentAPI.CRITICAL: An exception occurred while executing a query: SQLSTATE[23000]: Integrity constraint violation: 1048 Column 'method_id' cannot be null [] []
[2023-12-08T21:14:48.131547+00:00] paymentAPI.CRITICAL: An exception occurred while executing a query: SQLSTATE[23000]: Integrity constraint violation: 1048 Column 'method_id' cannot be null [] []
[2023-12-08T21:36:15.205951+00:00] paymentAPI.CRITICAL: An exception occurred while executing a query: SQLSTATE[23000]: Integrity constraint violation: 1048 Column 'method_id' cannot be null [] []
[2023-12-08T21:36:51.515540+00:00] paymentAPI.CRITICAL: An exception occurred while executing a query: SQLSTATE[23000]: Integrity constraint violation: 1048 Column 'method_id' cannot be null [] []
[2023-12-08T21:37:28.105241+00:00] paymentAPI.CRITICAL: An exception occurred while executing a query: SQLSTATE[23000]: Integrity constraint violation: 1048 Column 'method_id' cannot be null [] []
[2023-12-08T21:39:15.423354+00:00] paymentAPI.CRITICAL: An exception occurred while executing a query: SQLSTATE[23000]: Integrity constraint violation: 1048 Column 'method_id' cannot be null [] []
[2023-12-08T21:49:20.573960+00:00] paymentAPI.CRITICAL: An exception occurred while executing a query: SQLSTATE[23000]: Integrity constraint violation: 1048 Column 'method_id' cannot be null [] []
[2023-12-08T21:49:51.292548+00:00] paymentAPI.CRITICAL: An exception occurred while executing a query: SQLSTATE[23000]: Integrity constraint violation: 1048 Column 'method_id' cannot be null [] []
[2023-12-08T21:56:08.857402+00:00] paymentAPI.CRITICAL: An exception occurred while executing a query: SQLSTATE[23000]: Integrity constraint violation: 1048 Column 'method_id' cannot be null [] []
[2023-12-08T21:58:06.379973+00:00] paymentAPI.CRITICAL: An exception occurred in the driver: SQLSTATE[HY000] [2002] php_network_getaddresses: getaddrinfo for paymentapi_mariadb failed: Name or service not known [] []
[2023-12-08T21:58:39.985137+00:00] paymentAPI.CRITICAL: An exception occurred in the driver: SQLSTATE[HY000] [2002] php_network_getaddresses: getaddrinfo for paymentapi_mariadb failed: Name or service not known [] []
[2023-12-08T22:04:03.008526+00:00] paymentAPI.CRITICAL: An exception occurred while executing a query: SQLSTATE[23000]: Integrity constraint violation: 1048 Column 'method_id' cannot be null [] []
[2023-12-08T22:05:15.709606+00:00] paymentAPI.CRITICAL: An exception occurred while executing a query: SQLSTATE[23000]: Integrity constraint violation: 1048 Column 'method_id' cannot be null [] []
[2023-12-08T22:15:54.371414+00:00] paymentAPI.CRITICAL: An exception occurred while executing a query: SQLSTATE[23000]: Integrity constraint violation: 1452 Cannot add or update a child row: a foreign key constraint fails (`paymentapi`.`payments`, CONSTRAINT `FK_65D29B3219883967` FOREIGN KEY (`method_id`) REFERENCES `methods` (`id`)) [] []
[2023-12-08T22:17:03.632842+00:00] paymentAPI.CRITICAL: An exception occurred while executing a query: SQLSTATE[23000]: Integrity constraint violation: 1048 Column 'method_id' cannot be null [] []
[2023-12-08T22:17:15.285681+00:00] paymentAPI.CRITICAL: An exception occurred while executing a query: SQLSTATE[23000]: Integrity constraint violation: 1452 Cannot add or update a child row: a foreign key constraint fails (`paymentapi`.`payments`, CONSTRAINT `FK_65D29B3219883967` FOREIGN KEY (`method_id`) REFERENCES `methods` (`id`)) [] []
[2023-12-08T22:17:53.251069+00:00] paymentAPI.CRITICAL: An exception occurred while executing a query: SQLSTATE[23000]: Integrity constraint violation: 1452 Cannot add or update a child row: a foreign key constraint fails (`paymentapi`.`payments`, CONSTRAINT `FK_65D29B3219883967` FOREIGN KEY (`method_id`) REFERENCES `methods` (`id`)) [] []
[2023-12-08T22:18:25.862885+00:00] paymentAPI.CRITICAL: An exception occurred while executing a query: SQLSTATE[23000]: Integrity constraint violation: 1048 Column 'method_id' cannot be null [] []
[2023-12-08T22:18:31.795807+00:00] paymentAPI.CRITICAL: An exception occurred while executing a query: SQLSTATE[23000]: Integrity constraint violation: 1048 Column 'method_id' cannot be null [] []
[2023-12-08T22:18:45.317452+00:00] paymentAPI.CRITICAL: An exception occurred while executing a query: SQLSTATE[23000]: Integrity constraint violation: 1048 Column 'method_id' cannot be null [] []
[2023-12-08T22:22:51.493748+00:00] paymentAPI.CRITICAL: An exception occurred while executing a query: SQLSTATE[23000]: Integrity constraint violation: 1048 Column 'method_id' cannot be null [] []
[2023-12-08T22:23:55.102211+00:00] paymentAPI.CRITICAL: An exception occurred while executing a query: SQLSTATE[23000]: Integrity constraint violation: 1048 Column 'customer_id' cannot be null [] []
[2023-12-09T13:26:46.096269+00:00] paymentAPI.CRITICAL: Not found. [] []
[2023-12-10T12:36:49.683772+00:00] paymentAPI.CRITICAL: An exception occurred while executing a query: SQLSTATE[23000]: Integrity constraint violation: 1062 Duplicate entry 'Debit Card' for key 'UNIQ_56E2F7695E237E06' [] []
[2023-12-10T13:08:33.968963+00:00] paymentAPI.CRITICAL: Not found. [] []
[2023-12-10T13:44:08.392032+00:00] paymentAPI.CRITICAL: Not found. [] []
[2023-12-10T13:45:03.495696+00:00] paymentAPI.CRITICAL: Not found. [] []
[2023-12-10T13:45:05.774571+00:00] paymentAPI.CRITICAL: Not found. [] []
[2023-12-10T13:52:33.154618+00:00] paymentAPI.CRITICAL: Not found. [] []
[2023-12-10T13:52:41.791713+00:00] paymentAPI.CRITICAL: Not found. [] []
[2023-12-10T13:53:06.122386+00:00] paymentAPI.CRITICAL: Not found. [] []
[2023-12-10T18:17:12.033059+00:00] paymentAPI.CRITICAL: Not found. [] []
[2023-12-10T18:17:16.569664+00:00] paymentAPI.CRITICAL: Not found. [] []
[2023-12-10T18:17:18.411799+00:00] paymentAPI.CRITICAL: Not found. [] []
[2023-12-10T18:17:39.323748+00:00] paymentAPI.CRITICAL: Not found. [] []
[2023-12-10T18:17:47.347538+00:00] paymentAPI.CRITICAL: Not found. [] []
[2023-12-10T18:17:49.196586+00:00] paymentAPI.CRITICAL: Not found. [] []
[2023-12-10T18:23:54.620183+00:00] paymentAPI.CRITICAL: Not found. [] []
[2023-12-10T18:23:56.633381+00:00] paymentAPI.CRITICAL: Not found. [] []
[2023-12-10T18:24:45.372093+00:00] paymentAPI.CRITICAL: Not found. [] []
[2023-12-10T18:27:47.099318+00:00] paymentAPI.CRITICAL: Not found. [] []
[2023-12-10T18:29:31.360193+00:00] paymentAPI.CRITICAL: Not found. [] []
[2023-12-10T18:32:41.528985+00:00] paymentAPI.CRITICAL: Not found. [] []
[2023-12-10T18:32:59.042436+00:00] paymentAPI.CRITICAL: Not found. [] []
[2023-12-10T18:33:12.366725+00:00] paymentAPI.CRITICAL: Not found. [] []
[2023-12-10T18:33:20.140446+00:00] paymentAPI.CRITICAL: Not found. [] []
[2023-12-10T18:33:42.350915+00:00] paymentAPI.CRITICAL: Not found. [] []
[2023-12-10T18:34:06.724654+00:00] paymentAPI.CRITICAL: Not found. [] []
[2023-12-10T18:34:18.860835+00:00] paymentAPI.CRITICAL: Not found. [] []
[2023-12-10T18:34:21.451988+00:00] paymentAPI.CRITICAL: Not found. [] []
[2023-12-10T18:34:35.828097+00:00] paymentAPI.CRITICAL: Not found. [] []
[2023-12-10T18:36:10.087095+00:00] paymentAPI.CRITICAL: Not found. [] []
[2023-12-10T18:36:13.134073+00:00] paymentAPI.CRITICAL: Not found. [] []
[2023-12-10T18:37:45.428272+00:00] paymentAPI.CRITICAL: Not found. [] []
[2023-12-10T18:37:48.814615+00:00] paymentAPI.CRITICAL: Not found. [] []
[2023-12-10T18:38:24.135449+00:00] paymentAPI.CRITICAL: Not found. [] []
[2023-12-10T18:40:39.023336+00:00] paymentAPI.CRITICAL: Not found. [] []
[2023-12-10T18:46:41.502638+00:00] paymentAPI.CRITICAL: Not found. [] []
[2023-12-10T18:46:43.668436+00:00] paymentAPI.CRITICAL: Not found. [] []
[2023-12-10T18:47:06.447900+00:00] paymentAPI.CRITICAL: Not found. [] []
[2023-12-10T18:48:16.342488+00:00] paymentAPI.CRITICAL: Not found. [] []
[2023-12-10T18:49:56.905153+00:00] paymentAPI.CRITICAL: Not found. [] []
[2023-12-10T18:52:10.984342+00:00] paymentAPI.CRITICAL: Not found. [] []
[2023-12-10T18:52:12.844396+00:00] paymentAPI.CRITICAL: Not found. [] []
[2023-12-10T18:52:35.839827+00:00] paymentAPI.CRITICAL: Not found. [] []
[2023-12-10T18:52:52.490800+00:00] paymentAPI.CRITICAL: Not found. [] []
[2023-12-10T18:55:15.560011+00:00] paymentAPI.CRITICAL: Not found. [] []
[2023-12-10T18:58:39.041679+00:00] paymentAPI.CRITICAL: Not found. [] []
[2023-12-10T18:58:41.149318+00:00] paymentAPI.CRITICAL: Not found. [] []
[2023-12-10T18:58:46.743989+00:00] paymentAPI.CRITICAL: Not found. [] []
[2023-12-10T19:01:06.296297+00:00] paymentAPI.CRITICAL: Not found. [] []
[2023-12-10T19:01:06.296390+00:00] paymentAPI.CRITICAL: Not found. [] []
[2023-12-10T19:01:06.296418+00:00] paymentAPI.CRITICAL: Not found. [] []
[2023-12-10T19:01:06.384840+00:00] paymentAPI.CRITICAL: Not found. [] []
[2023-12-10T19:01:07.436693+00:00] paymentAPI.CRITICAL: Not found. [] []
[2023-12-10T19:01:09.466941+00:00] paymentAPI.CRITICAL: Not found. [] []
[2023-12-10T19:01:11.168431+00:00] paymentAPI.CRITICAL: Not found. [] []
[2023-12-10T19:01:13.013109+00:00] paymentAPI.CRITICAL: Not found. [] []
[2023-12-10T19:01:13.013094+00:00] paymentAPI.CRITICAL: Not found. [] []
[2023-12-10T19:01:13.013224+00:00] paymentAPI.CRITICAL: Not found. [] []
[2023-12-10T19:01:13.406854+00:00] paymentAPI.CRITICAL: Not found. [] []
[2023-12-10T19:01:14.435623+00:00] paymentAPI.CRITICAL: Not found. [] []
[2023-12-10T19:01:16.266294+00:00] paymentAPI.CRITICAL: Not found. [] []
[2023-12-10T19:01:17.945639+00:00] paymentAPI.CRITICAL: Not found. [] []
[2023-12-10T19:03:02.674649+00:00] paymentAPI.CRITICAL: Not found. [] []
[2023-12-10T19:03:02.674667+00:00] paymentAPI.CRITICAL: Not found. [] []
[2023-12-10T19:03:02.674707+00:00] paymentAPI.CRITICAL: Not found. [] []
[2023-12-10T19:03:03.548246+00:00] paymentAPI.CRITICAL: Not found. [] []
[2023-12-10T19:03:04.408607+00:00] paymentAPI.CRITICAL: Not found. [] []
[2023-12-10T19:03:06.167700+00:00] paymentAPI.CRITICAL: Not found. [] []
[2023-12-10T19:03:07.863158+00:00] paymentAPI.CRITICAL: Not found. [] []
[2023-12-10T19:03:09.413532+00:00] paymentAPI.CRITICAL: Not found. [] []
[2023-12-10T19:03:09.413551+00:00] paymentAPI.CRITICAL: Not found. [] []
[2023-12-10T19:03:25.745278+00:00] paymentAPI.CRITICAL: Not found. [] []
[2023-12-10T19:03:40.316120+00:00] paymentAPI.CRITICAL: Not found. [] []
[2023-12-10T19:03:49.966569+00:00] paymentAPI.CRITICAL: Not found. [] []
[2023-12-10T19:03:49.966581+00:00] paymentAPI.CRITICAL: Not found. [] []
[2023-12-10T19:03:49.966568+00:00] paymentAPI.CRITICAL: Not found. [] []
[2023-12-10T19:03:50.597033+00:00] paymentAPI.CRITICAL: Not found. [] []
[2023-12-10T19:03:51.670892+00:00] paymentAPI.CRITICAL: Not found. [] []
[2023-12-10T19:03:53.652428+00:00] paymentAPI.CRITICAL: Not found. [] []
[2023-12-10T19:03:55.350942+00:00] paymentAPI.CRITICAL: Not found. [] []
[2023-12-10T19:04:17.867924+00:00] paymentAPI.CRITICAL: Not found. [] []
[2023-12-10T19:04:30.335112+00:00] paymentAPI.CRITICAL: Not found. [] []
[2023-12-10T19:04:41.926230+00:00] paymentAPI.CRITICAL: Not found. [] []
[2023-12-10T19:04:54.070093+00:00] paymentAPI.CRITICAL: Not found. [] []
[2023-12-10T19:05:02.570647+00:00] paymentAPI.CRITICAL: Not found. [] []
[2023-12-10T19:05:02.570659+00:00] paymentAPI.CRITICAL: Not found. [] []
[2023-12-10T19:05:02.570687+00:00] paymentAPI.CRITICAL: Not found. [] []
[2023-12-10T19:05:02.681009+00:00] paymentAPI.CRITICAL: Not found. [] []
[2023-12-10T19:05:03.734807+00:00] paymentAPI.CRITICAL: Not found. [] []
[2023-12-10T19:05:05.763179+00:00] paymentAPI.CRITICAL: Not found. [] []
[2023-12-10T19:05:07.457468+00:00] paymentAPI.CRITICAL: Not found. [] []
[2023-12-10T19:05:34.390112+00:00] paymentAPI.CRITICAL: Not found. [] []
[2023-12-10T19:05:34.390145+00:00] paymentAPI.CRITICAL: Not found. [] []
[2023-12-10T19:05:34.390205+00:00] paymentAPI.CRITICAL: Not found. [] []
[2023-12-10T19:05:34.722141+00:00] paymentAPI.CRITICAL: Not found. [] []
[2023-12-10T19:05:35.772106+00:00] paymentAPI.CRITICAL: Not found. [] []
[2023-12-10T19:05:37.765355+00:00] paymentAPI.CRITICAL: Not found. [] []
[2023-12-10T19:05:39.456940+00:00] paymentAPI.CRITICAL: Not found. [] []
[2023-12-10T19:06:46.812105+00:00] paymentAPI.CRITICAL: Not found. [] []
[2023-12-10T19:06:46.811889+00:00] paymentAPI.CRITICAL: Not found. [] []
[2023-12-10T19:06:46.812019+00:00] paymentAPI.CRITICAL: Not found. [] []
[2023-12-10T19:06:46.898809+00:00] paymentAPI.CRITICAL: Not found. [] []
[2023-12-10T19:06:47.865268+00:00] paymentAPI.CRITICAL: Not found. [] []
[2023-12-10T19:06:49.864538+00:00] paymentAPI.CRITICAL: Not found. [] []
[2023-12-10T19:06:51.611713+00:00] paymentAPI.CRITICAL: Not found. [] []
[2023-12-10T19:48:15.300748+00:00] paymentAPI.CRITICAL: Not found. [] []
[2023-12-10T19:48:15.300720+00:00] paymentAPI.CRITICAL: Not found. [] []
[2023-12-10T19:48:15.300760+00:00] paymentAPI.CRITICAL: Not found. [] []
[2023-12-10T19:48:15.444318+00:00] paymentAPI.CRITICAL: Not found. [] []
[2023-12-10T19:48:16.535188+00:00] paymentAPI.CRITICAL: Not found. [] []
[2023-12-10T19:48:18.637700+00:00] paymentAPI.CRITICAL: Not found. [] []
[2023-12-10T19:48:20.348180+00:00] paymentAPI.CRITICAL: Not found. [] []
[2023-12-10T19:49:33.161456+00:00] paymentAPI.CRITICAL: Not found. [] []
[2023-12-10T19:49:33.161683+00:00] paymentAPI.CRITICAL: Not found. [] []
[2023-12-10T19:49:33.161415+00:00] paymentAPI.CRITICAL: Not found. [] []
[2023-12-10T19:49:33.548334+00:00] paymentAPI.CRITICAL: Not found. [] []
[2023-12-10T19:49:34.635156+00:00] paymentAPI.CRITICAL: Not found. [] []
[2023-12-10T19:49:36.718849+00:00] paymentAPI.CRITICAL: Not found. [] []
[2023-12-10T19:49:38.426324+00:00] paymentAPI.CRITICAL: Not found. [] []
[2023-12-10T19:50:00.956970+00:00] paymentAPI.CRITICAL: Not found. [] []
[2023-12-10T19:50:00.956968+00:00] paymentAPI.CRITICAL: Not found. [] []
[2023-12-10T19:50:00.957005+00:00] paymentAPI.CRITICAL: Not found. [] []
[2023-12-10T19:50:01.608125+00:00] paymentAPI.CRITICAL: Not found. [] []
[2023-12-10T19:50:02.639170+00:00] paymentAPI.CRITICAL: Not found. [] []
[2023-12-10T19:50:04.734284+00:00] paymentAPI.CRITICAL: Not found. [] []
[2023-12-10T19:50:06.436682+00:00] paymentAPI.CRITICAL: Not found. [] []
[2023-12-10T19:50:51.853854+00:00] paymentAPI.CRITICAL: Not found. [] []
[2023-12-10T19:50:51.853945+00:00] paymentAPI.CRITICAL: Not found. [] []
[2023-12-10T19:50:51.853934+00:00] paymentAPI.CRITICAL: Not found. [] []
[2023-12-10T19:50:52.669236+00:00] paymentAPI.CRITICAL: Not found. [] []
[2023-12-10T19:50:53.545726+00:00] paymentAPI.CRITICAL: Not found. [] []
[2023-12-10T19:50:55.638894+00:00] paymentAPI.CRITICAL: Not found. [] []
[2023-12-10T19:50:57.328905+00:00] paymentAPI.CRITICAL: Not found. [] []
[2023-12-10T19:51:54.034086+00:00] paymentAPI.CRITICAL: Not found. [] []
[2023-12-10T19:51:54.034089+00:00] paymentAPI.CRITICAL: Not found. [] []
[2023-12-10T19:51:54.034131+00:00] paymentAPI.CRITICAL: Not found. [] []
[2023-12-10T19:51:54.733659+00:00] paymentAPI.CRITICAL: Not found. [] []
[2023-12-10T19:51:55.742049+00:00] paymentAPI.CRITICAL: Not found. [] []
[2023-12-10T19:51:57.840110+00:00] paymentAPI.CRITICAL: Not found. [] []
[2023-12-10T19:51:59.559367+00:00] paymentAPI.CRITICAL: Not found. [] []
[2023-12-10T19:52:05.968949+00:00] paymentAPI.CRITICAL: Not found. [] []
[2023-12-10T19:52:16.515551+00:00] paymentAPI.CRITICAL: Not found. [] []
[2023-12-10T19:52:16.515579+00:00] paymentAPI.CRITICAL: Not found. [] []
[2023-12-10T19:52:16.515491+00:00] paymentAPI.CRITICAL: Not found. [] []
[2023-12-10T19:52:16.755295+00:00] paymentAPI.CRITICAL: Not found. [] []
[2023-12-10T19:52:17.823807+00:00] paymentAPI.CRITICAL: Not found. [] []
[2023-12-10T19:52:19.903944+00:00] paymentAPI.CRITICAL: Not found. [] []
[2023-12-10T19:52:21.646917+00:00] paymentAPI.CRITICAL: Not found. [] []
[2023-12-10T20:10:12.538574+00:00] paymentAPI.CRITICAL: An exception occurred while executing a query: SQLSTATE[23000]: Integrity constraint violation: 1451 Cannot delete or update a parent row: a foreign key constraint fails (`paymentapi`.`payments`, CONSTRAINT `FK_65D29B329395C3F3` FOREIGN KEY (`customer_id`) REFERENCES `customers` (`id`)) [] []
[2023-12-10T20:11:23.154677+00:00] paymentAPI.CRITICAL: An exception occurred while executing a query: SQLSTATE[23000]: Integrity constraint violation: 1451 Cannot delete or update a parent row: a foreign key constraint fails (`paymentapi`.`payments`, CONSTRAINT `FK_65D29B329395C3F3` FOREIGN KEY (`customer_id`) REFERENCES `customers` (`id`)) [] []
[2023-12-10T20:16:48.758493+00:00] paymentAPI.CRITICAL: An exception occurred while executing a query: SQLSTATE[23000]: Integrity constraint violation: 1451 Cannot delete or update a parent row: a foreign key constraint fails (`paymentapi`.`payments`, CONSTRAINT `FK_65D29B329395C3F3` FOREIGN KEY (`customer_id`) REFERENCES `customers` (`id`)) [] []
[2023-12-10T20:19:46.321863+00:00] paymentAPI.CRITICAL: An exception occurred while executing a query: SQLSTATE[23000]: Integrity constraint violation: 1451 Cannot delete or update a parent row: a foreign key constraint fails (`paymentapi`.`payments`, CONSTRAINT `FK_65D29B329395C3F3` FOREIGN KEY (`customer_id`) REFERENCES `customers` (`id`)) [] []
[2023-12-10T20:21:54.993215+00:00] paymentAPI.CRITICAL: An exception occurred while executing a query: SQLSTATE[23000]: Integrity constraint violation: 1451 Cannot delete or update a parent row: a foreign key constraint fails (`paymentapi`.`payments`, CONSTRAINT `FK_65D29B329395C3F3` FOREIGN KEY (`customer_id`) REFERENCES `customers` (`id`)) [] []
[2023-12-10T20:22:36.726750+00:00] paymentAPI.CRITICAL: An exception occurred while executing a query: SQLSTATE[23000]: Integrity constraint violation: 1451 Cannot delete or update a parent row: a foreign key constraint fails (`paymentapi`.`payments`, CONSTRAINT `FK_65D29B329395C3F3` FOREIGN KEY (`customer_id`) REFERENCES `customers` (`id`)) [] []
[2023-12-10T20:25:56.075505+00:00] paymentAPI.CRITICAL: An exception occurred while executing a query: SQLSTATE[23000]: Integrity constraint violation: 1451 Cannot delete or update a parent row: a foreign key constraint fails (`paymentapi`.`payments`, CONSTRAINT `FK_65D29B329395C3F3` FOREIGN KEY (`customer_id`) REFERENCES `customers` (`id`)) [] []
